########### array before sorts ###########
0	23.241000	0.000000	37.211000	0.000000	n
1	37.211000	0.000000	39.248941	0.268300	n
2	39.248941	0.268300	41.148000	1.054916	n
3	41.148000	1.054916	42.778759	2.306241	n
4	42.778759	2.306241	44.030084	3.937000	n
5	44.030084	3.937000	44.816700	5.836059	n
6	44.816700	5.836059	45.085000	7.874000	n
7	45.085000	7.874000	45.085000	12.446000	n
8	45.085000	12.446000	44.816700	14.483941	n
9	44.816700	14.483941	44.030084	16.383000	n
10	44.030084	16.383000	42.778759	18.013759	n
11	42.778759	18.013759	41.148000	19.265084	n
12	41.148000	19.265084	39.248941	20.051700	n
13	39.248941	20.051700	37.211000	20.320000	n
14	37.211000	20.320000	25.908000	20.320000	n
15	23.241000	0.000000	23.241000	2.159000	n
16	23.241000	2.159000	25.908000	4.572000	n
17	25.908000	4.572000	25.908000	7.620000	n
18	25.908000	7.620000	28.448000	7.620000	n
19	28.448000	7.620000	28.448000	17.653000	n
20	28.448000	17.653000	25.908000	17.653000	n
21	25.908000	17.653000	25.908000	20.320000	n
Tolerance=0.050000.
*Exact match for i=0 and j=1.
*i point 23.241000	0.000000	37.211000	0.000000	y
*Exact match for i=1 and j=2.
*i point 37.211000	0.000000	39.248941	0.268300	y
*Exact match for i=2 and j=3.
*i point 39.248941	0.268300	41.148000	1.054916	y
*Exact match for i=3 and j=4.
*i point 41.148000	1.054916	42.778759	2.306241	y
*Exact match for i=4 and j=5.
*i point 42.778759	2.306241	44.030084	3.937000	y
*Exact match for i=5 and j=6.
*i point 44.030084	3.937000	44.816700	5.836059	y
*Exact match for i=6 and j=7.
*i point 44.816700	5.836059	45.085000	7.874000	y
*Exact match for i=7 and j=8.
*i point 45.085000	7.874000	45.085000	12.446000	y
*Exact match for i=8 and j=9.
*i point 45.085000	12.446000	44.816700	14.483941	y
*Exact match for i=9 and j=10.
*i point 44.816700	14.483941	44.030084	16.383000	y
*Exact match for i=10 and j=11.
*i point 44.030084	16.383000	42.778759	18.013759	y
*Exact match for i=11 and j=12.
*i point 42.778759	18.013759	41.148000	19.265084	y
*Exact match for i=12 and j=13.
*i point 41.148000	19.265084	39.248941	20.051700	y
*Exact match for i=13 and j=14.
*i point 39.248941	20.051700	37.211000	20.320000	y
*Exact match for i=14 and j=21.
*i point 37.211000	20.320000	25.908000	20.320000	y
	*Before flip 	25.908000	17.653000	25.908000	20.320000	y
	*After flip 	25.908000	20.320000	25.908000	17.653000	y
*Exact match for i=15 and j=20.
*i point 25.908000	20.320000	25.908000	17.653000	y
	*Before flip 	28.448000	17.653000	25.908000	17.653000	y
	*After flip 	25.908000	17.653000	28.448000	17.653000	y
*Exact match for i=16 and j=19.
*i point 25.908000	17.653000	28.448000	17.653000	y
	*Before flip 	28.448000	7.620000	28.448000	17.653000	y
	*After flip 	28.448000	17.653000	28.448000	7.620000	y
*Exact match for i=17 and j=18.
*i point 28.448000	17.653000	28.448000	7.620000	y
	*Before flip 	25.908000	7.620000	28.448000	7.620000	y
	*After flip 	28.448000	7.620000	25.908000	7.620000	y
*Exact match for i=18 and j=19.
*i point 28.448000	7.620000	25.908000	7.620000	y
	*Before flip 	25.908000	4.572000	25.908000	7.620000	y
	*After flip 	25.908000	7.620000	25.908000	4.572000	y
*Exact match for i=19 and j=20.
*i point 25.908000	7.620000	25.908000	4.572000	y
	*Before flip 	23.241000	2.159000	25.908000	4.572000	y
	*After flip 	25.908000	4.572000	23.241000	2.159000	y
*Exact match for i=20 and j=21.
*i point 25.908000	4.572000	23.241000	2.159000	y
	*Before flip 	23.241000	0.000000	23.241000	2.159000	y
	*After flip 	23.241000	2.159000	23.241000	0.000000	y
########### array after sorts ###########
0	23.241000	0.000000	37.211000	0.000000	y
1	37.211000	0.000000	39.248941	0.268300	y
2	39.248941	0.268300	41.148000	1.054916	y
3	41.148000	1.054916	42.778759	2.306241	y
4	42.778759	2.306241	44.030084	3.937000	y
5	44.030084	3.937000	44.816700	5.836059	y
6	44.816700	5.836059	45.085000	7.874000	y
7	45.085000	7.874000	45.085000	12.446000	y
8	45.085000	12.446000	44.816700	14.483941	y
9	44.816700	14.483941	44.030084	16.383000	y
10	44.030084	16.383000	42.778759	18.013759	y
11	42.778759	18.013759	41.148000	19.265084	y
12	41.148000	19.265084	39.248941	20.051700	y
13	39.248941	20.051700	37.211000	20.320000	y
14	37.211000	20.320000	25.908000	20.320000	y
15	25.908000	20.320000	25.908000	17.653000	y
16	25.908000	17.653000	28.448000	17.653000	y
17	28.448000	17.653000	28.448000	7.620000	y
18	28.448000	7.620000	25.908000	7.620000	y
19	25.908000	7.620000	25.908000	4.572000	y
20	25.908000	4.572000	23.241000	2.159000	y
21	23.241000	2.159000	23.241000	0.000000	y
***************
.BOARD_OUTLINE UNOWNED
1.6
0     23.241000     0.000000     0
0     37.211000     0.000000     0
0     39.248941     0.268300     0
0     41.148000     1.054916     0
0     42.778759     2.306241     0
0     44.030084     3.937000     0
0     44.816700     5.836059     0
0     45.085000     7.874000     0
0     45.085000     12.446000     0
0     44.816700     14.483941     0
0     44.030084     16.383000     0
0     42.778759     18.013759     0
0     41.148000     19.265084     0
0     39.248941     20.051700     0
0     37.211000     20.320000     0
0     25.908000     20.320000     0
0     25.908000     17.653000     0
0     28.448000     17.653000     0
0     28.448000     7.620000     0
0     25.908000     7.620000     0
0     25.908000     4.572000     0
0     23.241000     2.159000     0
0     23.241000     0.000000     0
